SCUBA, Version Diamond (64-bit) 3.11.1.441
Sat Jul 18 00:45:59 2020
  
Copyright (c) 1991-1994 by NeoCAD Inc. All rights reserved.
Copyright (c) 1995 AT&T Corp.   All rights reserved.
Copyright (c) 1995-2001 Lucent Technologies Inc.  All rights reserved.
Copyright (c) 2001 Agere Systems   All rights reserved.
Copyright (c) 2002-2019 Lattice Semiconductor Corporation,  All rights reserved.
  
BEGIN SCUBA Module Synthesis
  
    Issued command   : C:\lscc\diamond\3.11_x64\ispfpga\bin\nt64\scuba.exe -w -n PLL -lang verilog -synth synplify -arch se5c00 -type pll -fin 12 -fclkop 24 -fclkop_tol 0.0 -trimp 0 -phasep 0 -trimp_r -phase_cntl STATIC -fb_mode 1 -lock -sticky 
    Circuit name     : PLL
    Module type      : pll
    Module Version   : 5.7
    Ports            : 
    Inputs       : CLKI
    Outputs      : CLKOP, LOCK
    I/O buffer       : not inserted
    EDIF output      : PLL.edn
    Verilog output   : PLL.v
    Verilog template : PLL_tmpl.v
    Verilog purpose  : for synthesis and simulation
    Bus notation     : big endian
    Report output    : PLL.srp
    Estimated Resource Usage:
  
END   SCUBA Module Synthesis

